[ 2014-11-27T00:53:10+08:00 ] 127.0.0.1 /~zklgame/Application/
INFO: [ app_init ] --START--
INFO: Run Behavior\BuildLiteBehavior [ RunTime:0.000015s ]
INFO: [ app_init ] --END-- [ RunTime:0.000619s ]
INFO: [ app_begin ] --START--
INFO: Run Behavior\ReadHtmlCacheBehavior [ RunTime:0.000772s ]
INFO: [ app_begin ] --END-- [ RunTime:0.000830s ]
SQL: SHOW COLUMNS FROM `course_type` [ RunTime:0.0127s ]
SQL: SHOW COLUMNS FROM `course_type` [ RunTime:0.0015s ]
SQL: SHOW COLUMNS FROM `courses` [ RunTime:0.0033s ]
SQL: SHOW COLUMNS FROM `courses` [ RunTime:0.0015s ]
SQL: SHOW COLUMNS FROM `scores` [ RunTime:0.0035s ]
SQL: SHOW COLUMNS FROM `scores` [ RunTime:0.0014s ]
SQL: SHOW COLUMNS FROM `semesters` [ RunTime:0.0028s ]
SQL: SHOW COLUMNS FROM `semesters` [ RunTime:0.0017s ]
INFO: [ view_parse ] --START--
INFO: [ template_filter ] --START--
INFO: Run Behavior\ContentReplaceBehavior [ RunTime:0.000030s ]
INFO: [ template_filter ] --END-- [ RunTime:0.000088s ]
INFO: Run Behavior\ParseTemplateBehavior [ RunTime:0.023518s ]
INFO: [ view_parse ] --END-- [ RunTime:0.023587s ]
INFO: [ view_filter ] --START--
INFO: Run Behavior\WriteHtmlCacheBehavior [ RunTime:0.000499s ]
INFO: [ view_filter ] --END-- [ RunTime:0.000544s ]
NOTIC: [2] Cannot modify header information - headers already sent by (output started at /Users/zklgame/Sites/Application/Application/Home/Controller/BaseController.class.php:26) /Users/zklgame/Sites/Application/ThinkPHP/Library/Think/View.class.php 第 91 行.
NOTIC: [2] Cannot modify header information - headers already sent by (output started at /Users/zklgame/Sites/Application/Application/Home/Controller/BaseController.class.php:26) /Users/zklgame/Sites/Application/ThinkPHP/Library/Think/View.class.php 第 92 行.
NOTIC: [2] Cannot modify header information - headers already sent by (output started at /Users/zklgame/Sites/Application/Application/Home/Controller/BaseController.class.php:26) /Users/zklgame/Sites/Application/ThinkPHP/Library/Think/View.class.php 第 93 行.
INFO: [ app_end ] --START--
INFO: Run Behavior\ShowPageTraceBehavior [ RunTime:0.001065s ]
INFO: [ app_end ] --END-- [ RunTime:0.001122s ]

[ 2014-11-27T00:53:12+08:00 ] 127.0.0.1 /~zklgame/Application/index.php?s=/Home/Gpa/calculator.html
INFO: [ app_init ] --START--
INFO: Run Behavior\BuildLiteBehavior [ RunTime:0.000015s ]
INFO: [ app_init ] --END-- [ RunTime:0.000344s ]
INFO: [ app_begin ] --START--
INFO: Run Behavior\ReadHtmlCacheBehavior [ RunTime:0.000813s ]
INFO: [ app_begin ] --END-- [ RunTime:0.000910s ]
SQL: SHOW COLUMNS FROM `course_type` [ RunTime:0.0013s ]
SQL: SHOW COLUMNS FROM `course_type` [ RunTime:0.0015s ]
SQL: SHOW COLUMNS FROM `courses` [ RunTime:0.0019s ]
SQL: SHOW COLUMNS FROM `courses` [ RunTime:0.0018s ]
SQL: SHOW COLUMNS FROM `scores` [ RunTime:0.0019s ]
SQL: SHOW COLUMNS FROM `scores` [ RunTime:0.0014s ]
SQL: SHOW COLUMNS FROM `semesters` [ RunTime:0.0017s ]
SQL: SHOW COLUMNS FROM `semesters` [ RunTime:0.0013s ]
NOTIC: [8] Undefined index: key /Users/zklgame/Sites/Application/Application/Home/Controller/GpaController.class.php 第 6 行.
SQL: SELECT * FROM `courses` INNER JOIN scores ON courses.id = scores.course_id  ORDER BY year, semester, type, type2  [ RunTime:0.0020s ]
NOTIC: [2] Invalid argument supplied for foreach() /Users/zklgame/Sites/Application/Application/Home/Controller/GpaController.class.php 第 12 行.
NOTIC: [2] Division by zero /Users/zklgame/Sites/Application/Application/Home/Controller/GpaController.class.php 第 23 行.
INFO: [ view_parse ] --START--
INFO: [ template_filter ] --START--
INFO: Run Behavior\ContentReplaceBehavior [ RunTime:0.000049s ]
INFO: [ template_filter ] --END-- [ RunTime:0.000114s ]
NOTIC: [8] Undefined variable: key /Users/zklgame/Sites/Application/Application/Runtime/Cache/Home/452a81915dd533c1e2f1f449f6bdff22.php 第 109 行.
INFO: Run Behavior\ParseTemplateBehavior [ RunTime:0.034012s ]
INFO: [ view_parse ] --END-- [ RunTime:0.034086s ]
INFO: [ view_filter ] --START--
INFO: Run Behavior\WriteHtmlCacheBehavior [ RunTime:0.000162s ]
INFO: [ view_filter ] --END-- [ RunTime:0.000204s ]
NOTIC: [2] Cannot modify header information - headers already sent by (output started at /Users/zklgame/Sites/Application/Application/Home/Controller/BaseController.class.php:26) /Users/zklgame/Sites/Application/ThinkPHP/Library/Think/View.class.php 第 91 行.
NOTIC: [2] Cannot modify header information - headers already sent by (output started at /Users/zklgame/Sites/Application/Application/Home/Controller/BaseController.class.php:26) /Users/zklgame/Sites/Application/ThinkPHP/Library/Think/View.class.php 第 92 行.
NOTIC: [2] Cannot modify header information - headers already sent by (output started at /Users/zklgame/Sites/Application/Application/Home/Controller/BaseController.class.php:26) /Users/zklgame/Sites/Application/ThinkPHP/Library/Think/View.class.php 第 93 行.
INFO: [ app_end ] --START--
INFO: Run Behavior\ShowPageTraceBehavior [ RunTime:0.000519s ]
INFO: [ app_end ] --END-- [ RunTime:0.000577s ]

[ 2014-11-27T00:53:14+08:00 ] 127.0.0.1 /~zklgame/Application/index.php?s=/Home/Gpa/calculator/key/2000.html
INFO: [ app_init ] --START--
INFO: Run Behavior\BuildLiteBehavior [ RunTime:0.000024s ]
INFO: [ app_init ] --END-- [ RunTime:0.000689s ]
INFO: [ app_begin ] --START--
INFO: Run Behavior\ReadHtmlCacheBehavior [ RunTime:0.000838s ]
INFO: [ app_begin ] --END-- [ RunTime:0.000944s ]
SQL: SHOW COLUMNS FROM `course_type` [ RunTime:0.0022s ]
SQL: SHOW COLUMNS FROM `course_type` [ RunTime:0.0013s ]
SQL: SHOW COLUMNS FROM `courses` [ RunTime:0.0018s ]
SQL: SHOW COLUMNS FROM `courses` [ RunTime:0.0015s ]
SQL: SHOW COLUMNS FROM `scores` [ RunTime:0.0020s ]
SQL: SHOW COLUMNS FROM `scores` [ RunTime:0.0018s ]
SQL: SHOW COLUMNS FROM `semesters` [ RunTime:0.0018s ]
SQL: SHOW COLUMNS FROM `semesters` [ RunTime:0.0015s ]
SQL: SELECT * FROM `courses` INNER JOIN scores ON courses.id = scores.course_id  ORDER BY year, semester, type, type2  [ RunTime:0.0005s ]
SQL: SELECT * FROM `courses` INNER JOIN scores ON courses.id = scores.course_id  WHERE ( type = 200000 ) ORDER BY year, semester, type, type2  [ RunTime:0.0020s ]
NOTIC: [2] Invalid argument supplied for foreach() /Users/zklgame/Sites/Application/Application/Home/Controller/GpaController.class.php 第 12 行.
NOTIC: [2] Division by zero /Users/zklgame/Sites/Application/Application/Home/Controller/GpaController.class.php 第 23 行.
INFO: [ view_parse ] --START--
INFO: [ template_filter ] --START--
INFO: Run Behavior\ContentReplaceBehavior [ RunTime:0.000048s ]
INFO: [ template_filter ] --END-- [ RunTime:0.000103s ]
NOTIC: [8] Undefined variable: key /Users/zklgame/Sites/Application/Application/Runtime/Cache/Home/452a81915dd533c1e2f1f449f6bdff22.php 第 109 行.
INFO: Run Behavior\ParseTemplateBehavior [ RunTime:0.019166s ]
INFO: [ view_parse ] --END-- [ RunTime:0.019239s ]
INFO: [ view_filter ] --START--
INFO: Run Behavior\WriteHtmlCacheBehavior [ RunTime:0.000251s ]
INFO: [ view_filter ] --END-- [ RunTime:0.000314s ]
NOTIC: [2] Cannot modify header information - headers already sent by (output started at /Users/zklgame/Sites/Application/Application/Home/Controller/BaseController.class.php:26) /Users/zklgame/Sites/Application/ThinkPHP/Library/Think/View.class.php 第 91 行.
NOTIC: [2] Cannot modify header information - headers already sent by (output started at /Users/zklgame/Sites/Application/Application/Home/Controller/BaseController.class.php:26) /Users/zklgame/Sites/Application/ThinkPHP/Library/Think/View.class.php 第 92 行.
NOTIC: [2] Cannot modify header information - headers already sent by (output started at /Users/zklgame/Sites/Application/Application/Home/Controller/BaseController.class.php:26) /Users/zklgame/Sites/Application/ThinkPHP/Library/Think/View.class.php 第 93 行.
INFO: [ app_end ] --START--
INFO: Run Behavior\ShowPageTraceBehavior [ RunTime:0.000727s ]
INFO: [ app_end ] --END-- [ RunTime:0.000797s ]

