[ 2014-11-24T13:52:58+08:00 ] ::1 /~zklgame/Application/
INFO: [ app_init ] --START--
INFO: Run Behavior\BuildLiteBehavior [ RunTime:0.000014s ]
INFO: [ app_init ] --END-- [ RunTime:0.000576s ]
INFO: [ app_begin ] --START--
INFO: Run Behavior\ReadHtmlCacheBehavior [ RunTime:0.000713s ]
INFO: [ app_begin ] --END-- [ RunTime:0.000779s ]
SQL: SHOW COLUMNS FROM `course_type` [ RunTime:0.0035s ]
SQL: SHOW COLUMNS FROM `course_type` [ RunTime:0.0011s ]
SQL: SHOW COLUMNS FROM `courses` [ RunTime:0.0037s ]
SQL: SHOW COLUMNS FROM `courses` [ RunTime:0.0021s ]
SQL: SHOW COLUMNS FROM `scores` [ RunTime:0.0031s ]
SQL: SHOW COLUMNS FROM `scores` [ RunTime:0.0015s ]
SQL: SHOW COLUMNS FROM `semesters` [ RunTime:0.0030s ]
SQL: SHOW COLUMNS FROM `semesters` [ RunTime:0.0017s ]
INFO: [ view_parse ] --START--
INFO: [ template_filter ] --START--
INFO: Run Behavior\ContentReplaceBehavior [ RunTime:0.000033s ]
INFO: [ template_filter ] --END-- [ RunTime:0.000097s ]
INFO: Run Behavior\ParseTemplateBehavior [ RunTime:0.019832s ]
INFO: [ view_parse ] --END-- [ RunTime:0.019970s ]
INFO: [ view_filter ] --START--
INFO: Run Behavior\WriteHtmlCacheBehavior [ RunTime:0.000553s ]
INFO: [ view_filter ] --END-- [ RunTime:0.000603s ]
NOTIC: [2] Cannot modify header information - headers already sent by (output started at /Users/zklgame/Sites/Application/Application/Home/Controller/BaseController.class.php:26) /Users/zklgame/Sites/Application/ThinkPHP/Library/Think/View.class.php 第 91 行.
NOTIC: [2] Cannot modify header information - headers already sent by (output started at /Users/zklgame/Sites/Application/Application/Home/Controller/BaseController.class.php:26) /Users/zklgame/Sites/Application/ThinkPHP/Library/Think/View.class.php 第 92 行.
NOTIC: [2] Cannot modify header information - headers already sent by (output started at /Users/zklgame/Sites/Application/Application/Home/Controller/BaseController.class.php:26) /Users/zklgame/Sites/Application/ThinkPHP/Library/Think/View.class.php 第 93 行.
INFO: [ app_end ] --START--
INFO: Run Behavior\ShowPageTraceBehavior [ RunTime:0.000858s ]
INFO: [ app_end ] --END-- [ RunTime:0.000933s ]

[ 2014-11-24T13:52:59+08:00 ] ::1 /~zklgame/Application/index.php?s=/Home/Gpa/calculator.html
INFO: [ app_init ] --START--
INFO: Run Behavior\BuildLiteBehavior [ RunTime:0.000015s ]
INFO: [ app_init ] --END-- [ RunTime:0.000297s ]
INFO: [ app_begin ] --START--
INFO: Run Behavior\ReadHtmlCacheBehavior [ RunTime:0.000435s ]
INFO: [ app_begin ] --END-- [ RunTime:0.000479s ]
SQL: SHOW COLUMNS FROM `course_type` [ RunTime:0.0030s ]
SQL: SHOW COLUMNS FROM `course_type` [ RunTime:0.0021s ]
SQL: SHOW COLUMNS FROM `courses` [ RunTime:0.0018s ]
SQL: SHOW COLUMNS FROM `courses` [ RunTime:0.0023s ]
SQL: SHOW COLUMNS FROM `scores` [ RunTime:0.0021s ]
SQL: SHOW COLUMNS FROM `scores` [ RunTime:0.0014s ]
SQL: SHOW COLUMNS FROM `semesters` [ RunTime:0.0019s ]
SQL: SHOW COLUMNS FROM `semesters` [ RunTime:0.0019s ]
NOTIC: [8] Undefined index: key /Users/zklgame/Sites/Application/Application/Home/Controller/GpaController.class.php 第 6 行.
SQL: SELECT * FROM `courses` INNER JOIN scores ON courses.id = scores.course_id  ORDER BY year, semester, type, type2  [ RunTime:0.0021s ]
NOTIC: [2] Invalid argument supplied for foreach() /Users/zklgame/Sites/Application/Application/Home/Controller/GpaController.class.php 第 12 行.
NOTIC: [2] Division by zero /Users/zklgame/Sites/Application/Application/Home/Controller/GpaController.class.php 第 23 行.
INFO: [ view_parse ] --START--
INFO: [ template_filter ] --START--
INFO: Run Behavior\ContentReplaceBehavior [ RunTime:0.000049s ]
INFO: [ template_filter ] --END-- [ RunTime:0.000108s ]
NOTIC: [8] Undefined variable: key /Users/zklgame/Sites/Application/Application/Runtime/Cache/Home/452a81915dd533c1e2f1f449f6bdff22.php 第 109 行.
INFO: Run Behavior\ParseTemplateBehavior [ RunTime:0.027242s ]
INFO: [ view_parse ] --END-- [ RunTime:0.027326s ]
INFO: [ view_filter ] --START--
INFO: Run Behavior\WriteHtmlCacheBehavior [ RunTime:0.000155s ]
INFO: [ view_filter ] --END-- [ RunTime:0.000193s ]
NOTIC: [2] Cannot modify header information - headers already sent by (output started at /Users/zklgame/Sites/Application/Application/Home/Controller/BaseController.class.php:26) /Users/zklgame/Sites/Application/ThinkPHP/Library/Think/View.class.php 第 91 行.
NOTIC: [2] Cannot modify header information - headers already sent by (output started at /Users/zklgame/Sites/Application/Application/Home/Controller/BaseController.class.php:26) /Users/zklgame/Sites/Application/ThinkPHP/Library/Think/View.class.php 第 92 行.
NOTIC: [2] Cannot modify header information - headers already sent by (output started at /Users/zklgame/Sites/Application/Application/Home/Controller/BaseController.class.php:26) /Users/zklgame/Sites/Application/ThinkPHP/Library/Think/View.class.php 第 93 行.
INFO: [ app_end ] --START--
INFO: Run Behavior\ShowPageTraceBehavior [ RunTime:0.000618s ]
INFO: [ app_end ] --END-- [ RunTime:0.000671s ]

[ 2014-11-24T13:53:00+08:00 ] ::1 /~zklgame/Application/index.php?s=/Home/Gpa/calculator.html
INFO: [ app_init ] --START--
INFO: Run Behavior\BuildLiteBehavior [ RunTime:0.000020s ]
INFO: [ app_init ] --END-- [ RunTime:0.000410s ]
INFO: [ app_begin ] --START--
INFO: Run Behavior\ReadHtmlCacheBehavior [ RunTime:0.000579s ]
INFO: [ app_begin ] --END-- [ RunTime:0.000683s ]
SQL: SHOW COLUMNS FROM `course_type` [ RunTime:0.0020s ]
SQL: SHOW COLUMNS FROM `course_type` [ RunTime:0.0023s ]
SQL: SHOW COLUMNS FROM `courses` [ RunTime:0.0033s ]
SQL: SHOW COLUMNS FROM `courses` [ RunTime:0.0022s ]
SQL: SHOW COLUMNS FROM `scores` [ RunTime:0.0024s ]
SQL: SHOW COLUMNS FROM `scores` [ RunTime:0.0015s ]
SQL: SHOW COLUMNS FROM `semesters` [ RunTime:0.0014s ]
SQL: SHOW COLUMNS FROM `semesters` [ RunTime:0.0011s ]
NOTIC: [8] Undefined index: key /Users/zklgame/Sites/Application/Application/Home/Controller/GpaController.class.php 第 6 行.
SQL: SELECT * FROM `courses` INNER JOIN scores ON courses.id = scores.course_id  ORDER BY year, semester, type, type2  [ RunTime:0.0005s ]
NOTIC: [2] Invalid argument supplied for foreach() /Users/zklgame/Sites/Application/Application/Home/Controller/GpaController.class.php 第 12 行.
NOTIC: [2] Division by zero /Users/zklgame/Sites/Application/Application/Home/Controller/GpaController.class.php 第 23 行.
INFO: [ view_parse ] --START--
INFO: [ template_filter ] --START--
INFO: Run Behavior\ContentReplaceBehavior [ RunTime:0.000057s ]
INFO: [ template_filter ] --END-- [ RunTime:0.000129s ]
NOTIC: [8] Undefined variable: key /Users/zklgame/Sites/Application/Application/Runtime/Cache/Home/452a81915dd533c1e2f1f449f6bdff22.php 第 109 行.
INFO: Run Behavior\ParseTemplateBehavior [ RunTime:0.023814s ]
INFO: [ view_parse ] --END-- [ RunTime:0.023872s ]
INFO: [ view_filter ] --START--
INFO: Run Behavior\WriteHtmlCacheBehavior [ RunTime:0.000191s ]
INFO: [ view_filter ] --END-- [ RunTime:0.000234s ]
NOTIC: [2] Cannot modify header information - headers already sent by (output started at /Users/zklgame/Sites/Application/Application/Home/Controller/BaseController.class.php:26) /Users/zklgame/Sites/Application/ThinkPHP/Library/Think/View.class.php 第 91 行.
NOTIC: [2] Cannot modify header information - headers already sent by (output started at /Users/zklgame/Sites/Application/Application/Home/Controller/BaseController.class.php:26) /Users/zklgame/Sites/Application/ThinkPHP/Library/Think/View.class.php 第 92 行.
NOTIC: [2] Cannot modify header information - headers already sent by (output started at /Users/zklgame/Sites/Application/Application/Home/Controller/BaseController.class.php:26) /Users/zklgame/Sites/Application/ThinkPHP/Library/Think/View.class.php 第 93 行.
INFO: [ app_end ] --START--
INFO: Run Behavior\ShowPageTraceBehavior [ RunTime:0.000806s ]
INFO: [ app_end ] --END-- [ RunTime:0.001020s ]

[ 2014-11-24T13:53:01+08:00 ] ::1 /~zklgame/Application/index.php?s=/Home/Gpa/calculator/key/3000.html
INFO: [ app_init ] --START--
INFO: Run Behavior\BuildLiteBehavior [ RunTime:0.000034s ]
INFO: [ app_init ] --END-- [ RunTime:0.000713s ]
INFO: [ app_begin ] --START--
INFO: Run Behavior\ReadHtmlCacheBehavior [ RunTime:0.000720s ]
INFO: [ app_begin ] --END-- [ RunTime:0.000823s ]
SQL: SHOW COLUMNS FROM `course_type` [ RunTime:0.0014s ]
SQL: SHOW COLUMNS FROM `course_type` [ RunTime:0.0013s ]
SQL: SHOW COLUMNS FROM `courses` [ RunTime:0.0013s ]
SQL: SHOW COLUMNS FROM `courses` [ RunTime:0.0019s ]
SQL: SHOW COLUMNS FROM `scores` [ RunTime:0.0016s ]
SQL: SHOW COLUMNS FROM `scores` [ RunTime:0.0015s ]
SQL: SHOW COLUMNS FROM `semesters` [ RunTime:0.0022s ]
SQL: SHOW COLUMNS FROM `semesters` [ RunTime:0.0025s ]
SQL: SELECT * FROM `courses` INNER JOIN scores ON courses.id = scores.course_id  ORDER BY year, semester, type, type2  [ RunTime:0.0005s ]
SQL: SELECT * FROM `courses` INNER JOIN scores ON courses.id = scores.course_id  WHERE ( type = 300000 ) ORDER BY year, semester, type, type2  [ RunTime:0.0004s ]
NOTIC: [2] Invalid argument supplied for foreach() /Users/zklgame/Sites/Application/Application/Home/Controller/GpaController.class.php 第 12 行.
NOTIC: [2] Division by zero /Users/zklgame/Sites/Application/Application/Home/Controller/GpaController.class.php 第 23 行.
INFO: [ view_parse ] --START--
INFO: [ template_filter ] --START--
INFO: Run Behavior\ContentReplaceBehavior [ RunTime:0.000042s ]
INFO: [ template_filter ] --END-- [ RunTime:0.000093s ]
NOTIC: [8] Undefined variable: key /Users/zklgame/Sites/Application/Application/Runtime/Cache/Home/452a81915dd533c1e2f1f449f6bdff22.php 第 109 行.
INFO: Run Behavior\ParseTemplateBehavior [ RunTime:0.018713s ]
INFO: [ view_parse ] --END-- [ RunTime:0.018776s ]
INFO: [ view_filter ] --START--
INFO: Run Behavior\WriteHtmlCacheBehavior [ RunTime:0.000190s ]
INFO: [ view_filter ] --END-- [ RunTime:0.000244s ]
NOTIC: [2] Cannot modify header information - headers already sent by (output started at /Users/zklgame/Sites/Application/Application/Home/Controller/BaseController.class.php:26) /Users/zklgame/Sites/Application/ThinkPHP/Library/Think/View.class.php 第 91 行.
NOTIC: [2] Cannot modify header information - headers already sent by (output started at /Users/zklgame/Sites/Application/Application/Home/Controller/BaseController.class.php:26) /Users/zklgame/Sites/Application/ThinkPHP/Library/Think/View.class.php 第 92 行.
NOTIC: [2] Cannot modify header information - headers already sent by (output started at /Users/zklgame/Sites/Application/Application/Home/Controller/BaseController.class.php:26) /Users/zklgame/Sites/Application/ThinkPHP/Library/Think/View.class.php 第 93 行.
INFO: [ app_end ] --START--
INFO: Run Behavior\ShowPageTraceBehavior [ RunTime:0.000736s ]
INFO: [ app_end ] --END-- [ RunTime:0.000805s ]

[ 2014-11-24T13:53:02+08:00 ] ::1 /~zklgame/Application/index.php?s=/Home/Gpa/calculator/key/3000.html
INFO: [ app_init ] --START--
INFO: Run Behavior\BuildLiteBehavior [ RunTime:0.000032s ]
INFO: [ app_init ] --END-- [ RunTime:0.000797s ]
INFO: [ app_begin ] --START--
INFO: Run Behavior\ReadHtmlCacheBehavior [ RunTime:0.000641s ]
INFO: [ app_begin ] --END-- [ RunTime:0.000707s ]
SQL: SHOW COLUMNS FROM `course_type` [ RunTime:0.0022s ]
SQL: SHOW COLUMNS FROM `course_type` [ RunTime:0.0013s ]
SQL: SHOW COLUMNS FROM `courses` [ RunTime:0.0016s ]
SQL: SHOW COLUMNS FROM `courses` [ RunTime:0.0022s ]
SQL: SHOW COLUMNS FROM `scores` [ RunTime:0.0018s ]
SQL: SHOW COLUMNS FROM `scores` [ RunTime:0.0019s ]
SQL: SHOW COLUMNS FROM `semesters` [ RunTime:0.0018s ]
SQL: SHOW COLUMNS FROM `semesters` [ RunTime:0.0020s ]
SQL: SELECT * FROM `courses` INNER JOIN scores ON courses.id = scores.course_id  ORDER BY year, semester, type, type2  [ RunTime:0.0005s ]
SQL: SELECT * FROM `courses` INNER JOIN scores ON courses.id = scores.course_id  WHERE ( type = 300000 ) ORDER BY year, semester, type, type2  [ RunTime:0.0004s ]
NOTIC: [2] Invalid argument supplied for foreach() /Users/zklgame/Sites/Application/Application/Home/Controller/GpaController.class.php 第 12 行.
NOTIC: [2] Division by zero /Users/zklgame/Sites/Application/Application/Home/Controller/GpaController.class.php 第 23 行.
INFO: [ view_parse ] --START--
INFO: [ template_filter ] --START--
INFO: Run Behavior\ContentReplaceBehavior [ RunTime:0.000043s ]
INFO: [ template_filter ] --END-- [ RunTime:0.000098s ]
NOTIC: [8] Undefined variable: key /Users/zklgame/Sites/Application/Application/Runtime/Cache/Home/452a81915dd533c1e2f1f449f6bdff22.php 第 109 行.
INFO: Run Behavior\ParseTemplateBehavior [ RunTime:0.018629s ]
INFO: [ view_parse ] --END-- [ RunTime:0.018691s ]
INFO: [ view_filter ] --START--
INFO: Run Behavior\WriteHtmlCacheBehavior [ RunTime:0.000263s ]
INFO: [ view_filter ] --END-- [ RunTime:0.000320s ]
NOTIC: [2] Cannot modify header information - headers already sent by (output started at /Users/zklgame/Sites/Application/Application/Home/Controller/BaseController.class.php:26) /Users/zklgame/Sites/Application/ThinkPHP/Library/Think/View.class.php 第 91 行.
NOTIC: [2] Cannot modify header information - headers already sent by (output started at /Users/zklgame/Sites/Application/Application/Home/Controller/BaseController.class.php:26) /Users/zklgame/Sites/Application/ThinkPHP/Library/Think/View.class.php 第 92 行.
NOTIC: [2] Cannot modify header information - headers already sent by (output started at /Users/zklgame/Sites/Application/Application/Home/Controller/BaseController.class.php:26) /Users/zklgame/Sites/Application/ThinkPHP/Library/Think/View.class.php 第 93 行.
INFO: [ app_end ] --START--
INFO: Run Behavior\ShowPageTraceBehavior [ RunTime:0.000905s ]
INFO: [ app_end ] --END-- [ RunTime:0.000991s ]

[ 2014-11-24T13:53:02+08:00 ] ::1 /~zklgame/Application/index.php?s=/Home/Gpa/calculator/key/2000.html
INFO: [ app_init ] --START--
INFO: Run Behavior\BuildLiteBehavior [ RunTime:0.000020s ]
INFO: [ app_init ] --END-- [ RunTime:0.000463s ]
INFO: [ app_begin ] --START--
INFO: Run Behavior\ReadHtmlCacheBehavior [ RunTime:0.000619s ]
INFO: [ app_begin ] --END-- [ RunTime:0.000774s ]
SQL: SHOW COLUMNS FROM `course_type` [ RunTime:0.0081s ]
SQL: SHOW COLUMNS FROM `course_type` [ RunTime:0.0015s ]
SQL: SHOW COLUMNS FROM `courses` [ RunTime:0.0013s ]
SQL: SHOW COLUMNS FROM `courses` [ RunTime:0.0011s ]
SQL: SHOW COLUMNS FROM `scores` [ RunTime:0.0025s ]
SQL: SHOW COLUMNS FROM `scores` [ RunTime:0.0025s ]
SQL: SHOW COLUMNS FROM `semesters` [ RunTime:0.0024s ]
SQL: SHOW COLUMNS FROM `semesters` [ RunTime:0.0011s ]
SQL: SELECT * FROM `courses` INNER JOIN scores ON courses.id = scores.course_id  ORDER BY year, semester, type, type2  [ RunTime:0.0005s ]
SQL: SELECT * FROM `courses` INNER JOIN scores ON courses.id = scores.course_id  WHERE ( type = 200000 ) ORDER BY year, semester, type, type2  [ RunTime:0.0004s ]
NOTIC: [2] Invalid argument supplied for foreach() /Users/zklgame/Sites/Application/Application/Home/Controller/GpaController.class.php 第 12 行.
NOTIC: [2] Division by zero /Users/zklgame/Sites/Application/Application/Home/Controller/GpaController.class.php 第 23 行.
INFO: [ view_parse ] --START--
INFO: [ template_filter ] --START--
INFO: Run Behavior\ContentReplaceBehavior [ RunTime:0.000051s ]
INFO: [ template_filter ] --END-- [ RunTime:0.000114s ]
NOTIC: [8] Undefined variable: key /Users/zklgame/Sites/Application/Application/Runtime/Cache/Home/452a81915dd533c1e2f1f449f6bdff22.php 第 109 行.
INFO: Run Behavior\ParseTemplateBehavior [ RunTime:0.018390s ]
INFO: [ view_parse ] --END-- [ RunTime:0.018454s ]
INFO: [ view_filter ] --START--
INFO: Run Behavior\WriteHtmlCacheBehavior [ RunTime:0.000198s ]
INFO: [ view_filter ] --END-- [ RunTime:0.000250s ]
NOTIC: [2] Cannot modify header information - headers already sent by (output started at /Users/zklgame/Sites/Application/Application/Home/Controller/BaseController.class.php:26) /Users/zklgame/Sites/Application/ThinkPHP/Library/Think/View.class.php 第 91 行.
NOTIC: [2] Cannot modify header information - headers already sent by (output started at /Users/zklgame/Sites/Application/Application/Home/Controller/BaseController.class.php:26) /Users/zklgame/Sites/Application/ThinkPHP/Library/Think/View.class.php 第 92 行.
NOTIC: [2] Cannot modify header information - headers already sent by (output started at /Users/zklgame/Sites/Application/Application/Home/Controller/BaseController.class.php:26) /Users/zklgame/Sites/Application/ThinkPHP/Library/Think/View.class.php 第 93 行.
INFO: [ app_end ] --START--
INFO: Run Behavior\ShowPageTraceBehavior [ RunTime:0.000953s ]
INFO: [ app_end ] --END-- [ RunTime:0.001041s ]

[ 2014-11-24T13:53:02+08:00 ] ::1 /~zklgame/Application/index.php?s=/Home/Gpa/calculator/key/2000.html
INFO: [ app_init ] --START--
INFO: Run Behavior\BuildLiteBehavior [ RunTime:0.000015s ]
INFO: [ app_init ] --END-- [ RunTime:0.000355s ]
INFO: [ app_begin ] --START--
INFO: Run Behavior\ReadHtmlCacheBehavior [ RunTime:0.000490s ]
INFO: [ app_begin ] --END-- [ RunTime:0.000540s ]
SQL: SHOW COLUMNS FROM `course_type` [ RunTime:0.0013s ]
SQL: SHOW COLUMNS FROM `course_type` [ RunTime:0.0012s ]
SQL: SHOW COLUMNS FROM `courses` [ RunTime:0.0015s ]
SQL: SHOW COLUMNS FROM `courses` [ RunTime:0.0016s ]
SQL: SHOW COLUMNS FROM `scores` [ RunTime:0.0025s ]
SQL: SHOW COLUMNS FROM `scores` [ RunTime:0.0015s ]
SQL: SHOW COLUMNS FROM `semesters` [ RunTime:0.0014s ]
SQL: SHOW COLUMNS FROM `semesters` [ RunTime:0.0018s ]
SQL: SELECT * FROM `courses` INNER JOIN scores ON courses.id = scores.course_id  ORDER BY year, semester, type, type2  [ RunTime:0.0005s ]
SQL: SELECT * FROM `courses` INNER JOIN scores ON courses.id = scores.course_id  WHERE ( type = 200000 ) ORDER BY year, semester, type, type2  [ RunTime:0.0004s ]
NOTIC: [2] Invalid argument supplied for foreach() /Users/zklgame/Sites/Application/Application/Home/Controller/GpaController.class.php 第 12 行.
NOTIC: [2] Division by zero /Users/zklgame/Sites/Application/Application/Home/Controller/GpaController.class.php 第 23 行.
INFO: [ view_parse ] --START--
INFO: [ template_filter ] --START--
INFO: Run Behavior\ContentReplaceBehavior [ RunTime:0.000061s ]
INFO: [ template_filter ] --END-- [ RunTime:0.000140s ]
NOTIC: [8] Undefined variable: key /Users/zklgame/Sites/Application/Application/Runtime/Cache/Home/452a81915dd533c1e2f1f449f6bdff22.php 第 109 行.
INFO: Run Behavior\ParseTemplateBehavior [ RunTime:0.021817s ]
INFO: [ view_parse ] --END-- [ RunTime:0.021894s ]
INFO: [ view_filter ] --START--
INFO: Run Behavior\WriteHtmlCacheBehavior [ RunTime:0.000272s ]
INFO: [ view_filter ] --END-- [ RunTime:0.000337s ]
NOTIC: [2] Cannot modify header information - headers already sent by (output started at /Users/zklgame/Sites/Application/Application/Home/Controller/BaseController.class.php:26) /Users/zklgame/Sites/Application/ThinkPHP/Library/Think/View.class.php 第 91 行.
NOTIC: [2] Cannot modify header information - headers already sent by (output started at /Users/zklgame/Sites/Application/Application/Home/Controller/BaseController.class.php:26) /Users/zklgame/Sites/Application/ThinkPHP/Library/Think/View.class.php 第 92 行.
NOTIC: [2] Cannot modify header information - headers already sent by (output started at /Users/zklgame/Sites/Application/Application/Home/Controller/BaseController.class.php:26) /Users/zklgame/Sites/Application/ThinkPHP/Library/Think/View.class.php 第 93 行.
INFO: [ app_end ] --START--
INFO: Run Behavior\ShowPageTraceBehavior [ RunTime:0.000907s ]
INFO: [ app_end ] --END-- [ RunTime:0.001029s ]

[ 2014-11-24T13:53:03+08:00 ] ::1 /~zklgame/Application/index.php?s=/Home/Gpa/calculator/key/1000.html
INFO: [ app_init ] --START--
INFO: Run Behavior\BuildLiteBehavior [ RunTime:0.000020s ]
INFO: [ app_init ] --END-- [ RunTime:0.000382s ]
INFO: [ app_begin ] --START--
INFO: Run Behavior\ReadHtmlCacheBehavior [ RunTime:0.000604s ]
INFO: [ app_begin ] --END-- [ RunTime:0.000691s ]
SQL: SHOW COLUMNS FROM `course_type` [ RunTime:0.0093s ]
SQL: SHOW COLUMNS FROM `course_type` [ RunTime:0.0020s ]
SQL: SHOW COLUMNS FROM `courses` [ RunTime:0.0019s ]
SQL: SHOW COLUMNS FROM `courses` [ RunTime:0.0024s ]
SQL: SHOW COLUMNS FROM `scores` [ RunTime:0.0016s ]
SQL: SHOW COLUMNS FROM `scores` [ RunTime:0.0017s ]
SQL: SHOW COLUMNS FROM `semesters` [ RunTime:0.0013s ]
SQL: SHOW COLUMNS FROM `semesters` [ RunTime:0.0013s ]
SQL: SELECT * FROM `courses` INNER JOIN scores ON courses.id = scores.course_id  ORDER BY year, semester, type, type2  [ RunTime:0.0005s ]
SQL: SELECT * FROM `courses` INNER JOIN scores ON courses.id = scores.course_id  WHERE ( type = 100000 ) ORDER BY year, semester, type, type2  [ RunTime:0.0004s ]
NOTIC: [2] Invalid argument supplied for foreach() /Users/zklgame/Sites/Application/Application/Home/Controller/GpaController.class.php 第 12 行.
NOTIC: [2] Division by zero /Users/zklgame/Sites/Application/Application/Home/Controller/GpaController.class.php 第 23 行.
INFO: [ view_parse ] --START--
INFO: [ template_filter ] --START--
INFO: Run Behavior\ContentReplaceBehavior [ RunTime:0.000044s ]
INFO: [ template_filter ] --END-- [ RunTime:0.000097s ]
NOTIC: [8] Undefined variable: key /Users/zklgame/Sites/Application/Application/Runtime/Cache/Home/452a81915dd533c1e2f1f449f6bdff22.php 第 109 行.
INFO: Run Behavior\ParseTemplateBehavior [ RunTime:0.020208s ]
INFO: [ view_parse ] --END-- [ RunTime:0.020287s ]
INFO: [ view_filter ] --START--
INFO: Run Behavior\WriteHtmlCacheBehavior [ RunTime:0.000301s ]
INFO: [ view_filter ] --END-- [ RunTime:0.000371s ]
NOTIC: [2] Cannot modify header information - headers already sent by (output started at /Users/zklgame/Sites/Application/Application/Home/Controller/BaseController.class.php:26) /Users/zklgame/Sites/Application/ThinkPHP/Library/Think/View.class.php 第 91 行.
NOTIC: [2] Cannot modify header information - headers already sent by (output started at /Users/zklgame/Sites/Application/Application/Home/Controller/BaseController.class.php:26) /Users/zklgame/Sites/Application/ThinkPHP/Library/Think/View.class.php 第 92 行.
NOTIC: [2] Cannot modify header information - headers already sent by (output started at /Users/zklgame/Sites/Application/Application/Home/Controller/BaseController.class.php:26) /Users/zklgame/Sites/Application/ThinkPHP/Library/Think/View.class.php 第 93 行.
INFO: [ app_end ] --START--
INFO: Run Behavior\ShowPageTraceBehavior [ RunTime:0.000999s ]
INFO: [ app_end ] --END-- [ RunTime:0.001118s ]

[ 2014-11-24T13:53:03+08:00 ] ::1 /~zklgame/Application/index.php?s=/Home/Gpa/calculator/key/1000.html
INFO: [ app_init ] --START--
INFO: Run Behavior\BuildLiteBehavior [ RunTime:0.000016s ]
INFO: [ app_init ] --END-- [ RunTime:0.000347s ]
INFO: [ app_begin ] --START--
INFO: Run Behavior\ReadHtmlCacheBehavior [ RunTime:0.000488s ]
INFO: [ app_begin ] --END-- [ RunTime:0.000548s ]
SQL: SHOW COLUMNS FROM `course_type` [ RunTime:0.0019s ]
SQL: SHOW COLUMNS FROM `course_type` [ RunTime:0.0017s ]
SQL: SHOW COLUMNS FROM `courses` [ RunTime:0.0018s ]
SQL: SHOW COLUMNS FROM `courses` [ RunTime:0.0019s ]
SQL: SHOW COLUMNS FROM `scores` [ RunTime:0.0018s ]
SQL: SHOW COLUMNS FROM `scores` [ RunTime:0.0016s ]
SQL: SHOW COLUMNS FROM `semesters` [ RunTime:0.0014s ]
SQL: SHOW COLUMNS FROM `semesters` [ RunTime:0.0464s ]
SQL: SELECT * FROM `courses` INNER JOIN scores ON courses.id = scores.course_id  ORDER BY year, semester, type, type2  [ RunTime:0.0007s ]
SQL: SELECT * FROM `courses` INNER JOIN scores ON courses.id = scores.course_id  WHERE ( type = 100000 ) ORDER BY year, semester, type, type2  [ RunTime:0.0007s ]
NOTIC: [2] Invalid argument supplied for foreach() /Users/zklgame/Sites/Application/Application/Home/Controller/GpaController.class.php 第 12 行.
NOTIC: [2] Division by zero /Users/zklgame/Sites/Application/Application/Home/Controller/GpaController.class.php 第 23 行.
INFO: [ view_parse ] --START--
INFO: [ template_filter ] --START--
INFO: Run Behavior\ContentReplaceBehavior [ RunTime:0.000050s ]
INFO: [ template_filter ] --END-- [ RunTime:0.000110s ]
NOTIC: [8] Undefined variable: key /Users/zklgame/Sites/Application/Application/Runtime/Cache/Home/452a81915dd533c1e2f1f449f6bdff22.php 第 109 行.
INFO: Run Behavior\ParseTemplateBehavior [ RunTime:0.021285s ]
INFO: [ view_parse ] --END-- [ RunTime:0.021362s ]
INFO: [ view_filter ] --START--
INFO: Run Behavior\WriteHtmlCacheBehavior [ RunTime:0.000267s ]
INFO: [ view_filter ] --END-- [ RunTime:0.000329s ]
NOTIC: [2] Cannot modify header information - headers already sent by (output started at /Users/zklgame/Sites/Application/Application/Home/Controller/BaseController.class.php:26) /Users/zklgame/Sites/Application/ThinkPHP/Library/Think/View.class.php 第 91 行.
NOTIC: [2] Cannot modify header information - headers already sent by (output started at /Users/zklgame/Sites/Application/Application/Home/Controller/BaseController.class.php:26) /Users/zklgame/Sites/Application/ThinkPHP/Library/Think/View.class.php 第 92 行.
NOTIC: [2] Cannot modify header information - headers already sent by (output started at /Users/zklgame/Sites/Application/Application/Home/Controller/BaseController.class.php:26) /Users/zklgame/Sites/Application/ThinkPHP/Library/Think/View.class.php 第 93 行.
INFO: [ app_end ] --START--
INFO: Run Behavior\ShowPageTraceBehavior [ RunTime:0.000924s ]
INFO: [ app_end ] --END-- [ RunTime:0.001019s ]

[ 2014-11-24T13:54:42+08:00 ] ::1 /~zklgame/Application/index.php?s=/Home/Gpa/calculator/key/1000.html
INFO: [ app_init ] --START--
INFO: Run Behavior\BuildLiteBehavior [ RunTime:0.000013s ]
INFO: [ app_init ] --END-- [ RunTime:0.000571s ]
INFO: [ app_begin ] --START--
INFO: Run Behavior\ReadHtmlCacheBehavior [ RunTime:0.000607s ]
INFO: [ app_begin ] --END-- [ RunTime:0.000662s ]
SQL: SHOW COLUMNS FROM `course_type` [ RunTime:0.0024s ]
SQL: SHOW COLUMNS FROM `course_type` [ RunTime:0.0013s ]
SQL: SHOW COLUMNS FROM `courses` [ RunTime:0.0014s ]
SQL: SHOW COLUMNS FROM `courses` [ RunTime:0.0019s ]
SQL: SHOW COLUMNS FROM `scores` [ RunTime:0.0033s ]
SQL: SHOW COLUMNS FROM `scores` [ RunTime:0.0043s ]
SQL: SHOW COLUMNS FROM `semesters` [ RunTime:0.0016s ]
SQL: SHOW COLUMNS FROM `semesters` [ RunTime:0.0015s ]
SQL: SELECT * FROM `courses` INNER JOIN scores ON courses.id = scores.course_id  ORDER BY year, semester, type, type2  [ RunTime:0.0005s ]
SQL: SELECT * FROM `courses` INNER JOIN scores ON courses.id = scores.course_id  WHERE ( type = 100000 ) ORDER BY year, semester, type, type2  [ RunTime:0.0005s ]
NOTIC: [2] Invalid argument supplied for foreach() /Users/zklgame/Sites/Application/Application/Home/Controller/GpaController.class.php 第 12 行.
NOTIC: [2] Division by zero /Users/zklgame/Sites/Application/Application/Home/Controller/GpaController.class.php 第 23 行.
INFO: [ view_parse ] --START--
INFO: [ template_filter ] --START--
INFO: Run Behavior\ContentReplaceBehavior [ RunTime:0.000051s ]
INFO: [ template_filter ] --END-- [ RunTime:0.000110s ]
NOTIC: [8] Undefined variable: key /Users/zklgame/Sites/Application/Application/Runtime/Cache/Home/452a81915dd533c1e2f1f449f6bdff22.php 第 109 行.
INFO: Run Behavior\ParseTemplateBehavior [ RunTime:0.044464s ]
INFO: [ view_parse ] --END-- [ RunTime:0.044528s ]
INFO: [ view_filter ] --START--
INFO: Run Behavior\WriteHtmlCacheBehavior [ RunTime:0.000319s ]
INFO: [ view_filter ] --END-- [ RunTime:0.000362s ]
NOTIC: [2] Cannot modify header information - headers already sent by (output started at /Users/zklgame/Sites/Application/Application/Home/Controller/BaseController.class.php:26) /Users/zklgame/Sites/Application/ThinkPHP/Library/Think/View.class.php 第 91 行.
NOTIC: [2] Cannot modify header information - headers already sent by (output started at /Users/zklgame/Sites/Application/Application/Home/Controller/BaseController.class.php:26) /Users/zklgame/Sites/Application/ThinkPHP/Library/Think/View.class.php 第 92 行.
NOTIC: [2] Cannot modify header information - headers already sent by (output started at /Users/zklgame/Sites/Application/Application/Home/Controller/BaseController.class.php:26) /Users/zklgame/Sites/Application/ThinkPHP/Library/Think/View.class.php 第 93 行.
INFO: [ app_end ] --START--
INFO: Run Behavior\ShowPageTraceBehavior [ RunTime:0.001078s ]
INFO: [ app_end ] --END-- [ RunTime:0.001155s ]

[ 2014-11-24T13:59:22+08:00 ] ::1 /~zklgame/Application/index.php?s=/Home/Gpa/calculator/key/1000.html
INFO: [ app_init ] --START--
INFO: Run Behavior\BuildLiteBehavior [ RunTime:0.000018s ]
INFO: [ app_init ] --END-- [ RunTime:0.000714s ]
INFO: [ app_begin ] --START--
INFO: Run Behavior\ReadHtmlCacheBehavior [ RunTime:0.000774s ]
INFO: [ app_begin ] --END-- [ RunTime:0.000837s ]
SQL: SHOW COLUMNS FROM `course_type` [ RunTime:0.0015s ]
SQL: SHOW COLUMNS FROM `course_type` [ RunTime:0.0017s ]
SQL: SHOW COLUMNS FROM `courses` [ RunTime:0.0018s ]
SQL: SHOW COLUMNS FROM `courses` [ RunTime:0.0018s ]
SQL: SHOW COLUMNS FROM `scores` [ RunTime:0.0017s ]
SQL: SHOW COLUMNS FROM `scores` [ RunTime:0.0020s ]
SQL: SHOW COLUMNS FROM `semesters` [ RunTime:0.0020s ]
SQL: SHOW COLUMNS FROM `semesters` [ RunTime:0.0020s ]
SQL: SELECT * FROM `courses` INNER JOIN scores ON courses.id = scores.course_id  ORDER BY year, semester, type, type2  [ RunTime:0.0021s ]
SQL: SELECT * FROM `courses` INNER JOIN scores ON courses.id = scores.course_id  WHERE ( type = 100000 ) ORDER BY year, semester, type, type2  [ RunTime:0.0008s ]
NOTIC: [2] Invalid argument supplied for foreach() /Users/zklgame/Sites/Application/Application/Home/Controller/GpaController.class.php 第 12 行.
NOTIC: [2] Division by zero /Users/zklgame/Sites/Application/Application/Home/Controller/GpaController.class.php 第 23 行.
INFO: [ view_parse ] --START--
INFO: [ template_filter ] --START--
INFO: Run Behavior\ContentReplaceBehavior [ RunTime:0.000049s ]
INFO: [ template_filter ] --END-- [ RunTime:0.000109s ]
NOTIC: [8] Undefined variable: key /Users/zklgame/Sites/Application/Application/Runtime/Cache/Home/452a81915dd533c1e2f1f449f6bdff22.php 第 109 行.
INFO: Run Behavior\ParseTemplateBehavior [ RunTime:0.042282s ]
INFO: [ view_parse ] --END-- [ RunTime:0.042333s ]
INFO: [ view_filter ] --START--
INFO: Run Behavior\WriteHtmlCacheBehavior [ RunTime:0.002486s ]
INFO: [ view_filter ] --END-- [ RunTime:0.002552s ]
NOTIC: [2] Cannot modify header information - headers already sent by (output started at /Users/zklgame/Sites/Application/Application/Home/Controller/BaseController.class.php:26) /Users/zklgame/Sites/Application/ThinkPHP/Library/Think/View.class.php 第 91 行.
NOTIC: [2] Cannot modify header information - headers already sent by (output started at /Users/zklgame/Sites/Application/Application/Home/Controller/BaseController.class.php:26) /Users/zklgame/Sites/Application/ThinkPHP/Library/Think/View.class.php 第 92 行.
NOTIC: [2] Cannot modify header information - headers already sent by (output started at /Users/zklgame/Sites/Application/Application/Home/Controller/BaseController.class.php:26) /Users/zklgame/Sites/Application/ThinkPHP/Library/Think/View.class.php 第 93 行.
INFO: [ app_end ] --START--
INFO: Run Behavior\ShowPageTraceBehavior [ RunTime:0.001277s ]
INFO: [ app_end ] --END-- [ RunTime:0.001380s ]

